Added Component: Designator=D42(LED-0 3mm GREEN)
Added Component: Designator=D61(LED-0 5mm RED)
Added Component: Designator=D62(D1A)
Added Component: Designator=IC?(Nano)
Added Component: Designator=J6(Domino 2M)
Added Component: Designator=LCD(LCD20X4A)
Added Component: Designator=LS4(SPEAKER)
Added Component: Designator=P10(Header 3x2)
Added Component: Designator=P11(Header 8)
Added Component: Designator=P12(Header 3)
Added Component: Designator=P13(Header 3)
Added Component: Designator=P14(HDR1X15)
Added Component: Designator=P15(HDR1X15)
Added Component: Designator=Q4(QTO-92)
Added Component: Designator=Q6(QTO-92)
Added Component: Designator=R40(DIEN TRO 0805)
Added Component: Designator=R42(DIEN TRO 0805)
Added Component: Designator=R61(DIEN TRO 0805)
Added Component: Designator=R62(DIEN TRO 0805)
Added Component: Designator=R63(DIEN TRO 0805)
Added Component: Designator=R70(VR1)
Added Component: Designator=RL61(RL_SPDT_10A)
Added Component: Designator=U4(DIP4/W0.3)
Added Component: Designator=U6(DIP4/W0.3)
Added Pin To Net: NetName=3V3 Pin=IC?-17
Added Pin To Net: NetName=3V3 Pin=P11-8
Added Pin To Net: NetName=3V3 Pin=P15-14
Added Net: Name=3V3
Added Pin To Net: NetName=5V Pin=D61-1
Added Pin To Net: NetName=5V Pin=D62-2
Added Pin To Net: NetName=5V Pin=IC?-30
Added Pin To Net: NetName=5V Pin=LCD-2
Added Pin To Net: NetName=5V Pin=LCD-15
Added Pin To Net: NetName=5V Pin=LS4-1
Added Pin To Net: NetName=5V Pin=P10-1
Added Pin To Net: NetName=5V Pin=P10-3
Added Pin To Net: NetName=5V Pin=P10-5
Added Pin To Net: NetName=5V Pin=P12-1
Added Pin To Net: NetName=5V Pin=P13-1
Added Pin To Net: NetName=5V Pin=P15-1
Added Pin To Net: NetName=5V Pin=R70-3
Added Pin To Net: NetName=5V Pin=RL61-5
Added Pin To Net: NetName=5V Pin=U4-4
Added Pin To Net: NetName=5V Pin=U6-4
Added Net: Name=5V
Added Pin To Net: NetName=BUZZER Pin=IC?-5
Added Pin To Net: NetName=BUZZER Pin=P14-5
Added Pin To Net: NetName=BUZZER Pin=R42-2
Added Net: Name=BUZZER
Added Pin To Net: NetName=D4_LCD Pin=IC?-9
Added Pin To Net: NetName=D4_LCD Pin=LCD-11
Added Pin To Net: NetName=D4_LCD Pin=P14-9
Added Net: Name=D4_LCD
Added Pin To Net: NetName=D5_LCD Pin=IC?-8
Added Pin To Net: NetName=D5_LCD Pin=LCD-12
Added Pin To Net: NetName=D5_LCD Pin=P14-8
Added Net: Name=D5_LCD
Added Pin To Net: NetName=D6_LCD Pin=IC?-7
Added Pin To Net: NetName=D6_LCD Pin=LCD-13
Added Pin To Net: NetName=D6_LCD Pin=P14-7
Added Net: Name=D6_LCD
Added Pin To Net: NetName=D7_LCD Pin=IC?-6
Added Pin To Net: NetName=D7_LCD Pin=LCD-14
Added Pin To Net: NetName=D7_LCD Pin=P14-6
Added Net: Name=D7_LCD
Added Pin To Net: NetName=EN_LCD Pin=IC?-10
Added Pin To Net: NetName=EN_LCD Pin=LCD-6
Added Pin To Net: NetName=EN_LCD Pin=P14-10
Added Net: Name=EN_LCD
Added Pin To Net: NetName=GND Pin=D42-2
Added Pin To Net: NetName=GND Pin=IC?-4
Added Pin To Net: NetName=GND Pin=IC?-29
Added Pin To Net: NetName=GND Pin=LCD-1
Added Pin To Net: NetName=GND Pin=LCD-5
Added Pin To Net: NetName=GND Pin=LCD-16
Added Pin To Net: NetName=GND Pin=P10-2
Added Pin To Net: NetName=GND Pin=P10-4
Added Pin To Net: NetName=GND Pin=P10-6
Added Pin To Net: NetName=GND Pin=P11-6
Added Pin To Net: NetName=GND Pin=P12-3
Added Pin To Net: NetName=GND Pin=P13-3
Added Pin To Net: NetName=GND Pin=P14-4
Added Pin To Net: NetName=GND Pin=P15-2
Added Pin To Net: NetName=GND Pin=Q4-1
Added Pin To Net: NetName=GND Pin=Q6-1
Added Pin To Net: NetName=GND Pin=R70-1
Added Pin To Net: NetName=GND Pin=U6-2
Added Net: Name=GND
Added Pin To Net: NetName=INFRARED_RFID Pin=IC?-20
Added Pin To Net: NetName=INFRARED_RFID Pin=P13-2
Added Pin To Net: NetName=INFRARED_RFID Pin=P15-11
Added Net: Name=INFRARED_RFID
Added Pin To Net: NetName=MISO_RFID Pin=IC?-15
Added Pin To Net: NetName=MISO_RFID Pin=P11-4
Added Pin To Net: NetName=MISO_RFID Pin=P14-15
Added Net: Name=MISO_RFID
Added Pin To Net: NetName=MOSI_RFID Pin=IC?-14
Added Pin To Net: NetName=MOSI_RFID Pin=P11-3
Added Pin To Net: NetName=MOSI_RFID Pin=P14-14
Added Net: Name=MOSI_RFID
Added Pin To Net: NetName=MOTION_RFID Pin=IC?-19
Added Pin To Net: NetName=MOTION_RFID Pin=P12-2
Added Pin To Net: NetName=MOTION_RFID Pin=P15-12
Added Net: Name=MOTION_RFID
Added Pin To Net: NetName=NetD42_1 Pin=D42-1
Added Pin To Net: NetName=NetD42_1 Pin=U4-2
Added Net: Name=NetD42_1
Added Pin To Net: NetName=NetD61_2 Pin=D61-2
Added Pin To Net: NetName=NetD61_2 Pin=R63-1
Added Net: Name=NetD61_2
Added Pin To Net: NetName=NetD62_1 Pin=D62-1
Added Pin To Net: NetName=NetD62_1 Pin=Q6-2
Added Pin To Net: NetName=NetD62_1 Pin=R63-2
Added Pin To Net: NetName=NetD62_1 Pin=RL61-4
Added Net: Name=NetD62_1
Added Pin To Net: NetName=NetIC?_1 Pin=IC?-1
Added Pin To Net: NetName=NetIC?_1 Pin=P14-1
Added Net: Name=NetIC?_1
Added Pin To Net: NetName=NetIC?_2 Pin=IC?-2
Added Pin To Net: NetName=NetIC?_2 Pin=P14-2
Added Net: Name=NetIC?_2
Added Pin To Net: NetName=NetIC?_3 Pin=IC?-3
Added Pin To Net: NetName=NetIC?_3 Pin=P14-3
Added Net: Name=NetIC?_3
Added Pin To Net: NetName=NetIC?_18 Pin=IC?-18
Added Pin To Net: NetName=NetIC?_18 Pin=P15-13
Added Net: Name=NetIC?_18
Added Pin To Net: NetName=NetIC?_22 Pin=IC?-22
Added Pin To Net: NetName=NetIC?_22 Pin=P15-9
Added Net: Name=NetIC?_22
Added Pin To Net: NetName=NetIC?_23 Pin=IC?-23
Added Pin To Net: NetName=NetIC?_23 Pin=P15-8
Added Net: Name=NetIC?_23
Added Pin To Net: NetName=NetIC?_24 Pin=IC?-24
Added Pin To Net: NetName=NetIC?_24 Pin=P15-7
Added Net: Name=NetIC?_24
Added Pin To Net: NetName=NetIC?_25 Pin=IC?-25
Added Pin To Net: NetName=NetIC?_25 Pin=P15-6
Added Net: Name=NetIC?_25
Added Pin To Net: NetName=NetIC?_26 Pin=IC?-26
Added Pin To Net: NetName=NetIC?_26 Pin=P15-5
Added Net: Name=NetIC?_26
Added Pin To Net: NetName=NetIC?_27 Pin=IC?-27
Added Pin To Net: NetName=NetIC?_27 Pin=P15-4
Added Net: Name=NetIC?_27
Added Pin To Net: NetName=NetIC?_28 Pin=IC?-28
Added Pin To Net: NetName=NetIC?_28 Pin=P15-3
Added Net: Name=NetIC?_28
Added Pin To Net: NetName=NetJ6_1 Pin=J6-1
Added Pin To Net: NetName=NetJ6_1 Pin=RL61-1
Added Net: Name=NetJ6_1
Added Pin To Net: NetName=NetJ6_2 Pin=J6-2
Added Pin To Net: NetName=NetJ6_2 Pin=RL61-3
Added Net: Name=NetJ6_2
Added Pin To Net: NetName=NetLCD_3 Pin=LCD-3
Added Pin To Net: NetName=NetLCD_3 Pin=R70-2
Added Net: Name=NetLCD_3
Added Pin To Net: NetName=NetLS4_2 Pin=LS4-2
Added Pin To Net: NetName=NetLS4_2 Pin=Q4-2
Added Net: Name=NetLS4_2
Added Pin To Net: NetName=NetQ4_3 Pin=Q4-3
Added Pin To Net: NetName=NetQ4_3 Pin=R40-2
Added Net: Name=NetQ4_3
Added Pin To Net: NetName=NetQ6_3 Pin=Q6-3
Added Pin To Net: NetName=NetQ6_3 Pin=R62-1
Added Net: Name=NetQ6_3
Added Pin To Net: NetName=NetR40_1 Pin=R40-1
Added Pin To Net: NetName=NetR40_1 Pin=U4-3
Added Net: Name=NetR40_1
Added Pin To Net: NetName=NetR42_1 Pin=R42-1
Added Pin To Net: NetName=NetR42_1 Pin=U4-1
Added Net: Name=NetR42_1
Added Pin To Net: NetName=NetR61_1 Pin=R61-1
Added Pin To Net: NetName=NetR61_1 Pin=U6-1
Added Net: Name=NetR61_1
Added Pin To Net: NetName=NetR62_2 Pin=R62-2
Added Pin To Net: NetName=NetR62_2 Pin=U6-3
Added Net: Name=NetR62_2
Added Pin To Net: NetName=RELAY Pin=IC?-21
Added Pin To Net: NetName=RELAY Pin=P15-10
Added Pin To Net: NetName=RELAY Pin=R61-2
Added Net: Name=RELAY
Added Pin To Net: NetName=RS_LCD Pin=IC?-11
Added Pin To Net: NetName=RS_LCD Pin=LCD-4
Added Pin To Net: NetName=RS_LCD Pin=P14-11
Added Net: Name=RS_LCD
Added Pin To Net: NetName=RST_RFID Pin=IC?-12
Added Pin To Net: NetName=RST_RFID Pin=P11-7
Added Pin To Net: NetName=RST_RFID Pin=P14-12
Added Net: Name=RST_RFID
Added Pin To Net: NetName=SCK_RFID Pin=IC?-16
Added Pin To Net: NetName=SCK_RFID Pin=P11-2
Added Pin To Net: NetName=SCK_RFID Pin=P15-15
Added Net: Name=SCK_RFID
Added Pin To Net: NetName=SS_RFID Pin=IC?-13
Added Pin To Net: NetName=SS_RFID Pin=P11-1
Added Pin To Net: NetName=SS_RFID Pin=P14-13
Added Net: Name=SS_RFID
Added Class: Name=TicketMonitorSystem
