Removed Pin From Net: NetName=D7_LCD Pin=IC?-6
Removed Pin From Net: NetName=D6_LCD Pin=IC?-7
Removed Pin From Net: NetName=D5_LCD Pin=IC?-8
Removed Pin From Net: NetName=D4_LCD Pin=IC?-9
Removed Pin From Net: NetName=EN_LCD Pin=IC?-10
Removed Pin From Net: NetName=RS_LCD Pin=IC?-11
Removed Pin From Net: NetName=SS_RFID Pin=IC?-13
Removed Pin From Net: NetName=RST_RFID Pin=P11-7
Removed Pin From Net: NetName=D7_LCD Pin=P14-6
Removed Pin From Net: NetName=D6_LCD Pin=P14-7
Removed Pin From Net: NetName=D5_LCD Pin=P14-8
Removed Pin From Net: NetName=D4_LCD Pin=P14-9
Removed Pin From Net: NetName=EN_LCD Pin=P14-10
Removed Pin From Net: NetName=RS_LCD Pin=P14-11
Removed Pin From Net: NetName=SS_RFID Pin=P14-13
Added Component: Designator=D44(LED-0 3mm GREEN)
Added Component: Designator=D63(LED-0 5mm RED)
Added Component: Designator=D64(D1A)
Added Component: Designator=J62(Domino 2M)
Added Component: Designator=LS42(SPEAKER)
Added Component: Designator=P16(Header 8)
Added Component: Designator=Q42(QTO-92)
Added Component: Designator=Q62(QTO-92)
Added Component: Designator=R43(DIEN TRO 0805)
Added Component: Designator=R44(DIEN TRO 0805)
Added Component: Designator=R64(DIEN TRO 0805)
Added Component: Designator=R65(DIEN TRO 0805)
Added Component: Designator=R66(DIEN TRO 0805)
Added Component: Designator=RL62(RL_SPDT_10A)
Added Component: Designator=U42(DIP4/W0.3)
Added Component: Designator=U62(DIP4/W0.3)
Added Pin To Net: NetName=GND Pin=D44-2
Added Pin To Net: NetName=5V Pin=D63-1
Added Pin To Net: NetName=5V Pin=D64-2
Added Pin To Net: NetName=D7_LCD Pin=IC?-5
Added Pin To Net: NetName=D6_LCD Pin=IC?-6
Added Pin To Net: NetName=D5_LCD Pin=IC?-7
Added Pin To Net: NetName=D4_LCD Pin=IC?-8
Added Pin To Net: NetName=EN_LCD Pin=IC?-9
Added Pin To Net: NetName=RS_LCD Pin=IC?-10
Added Pin To Net: NetName=5V Pin=LS42-1
Added Pin To Net: NetName=D7_LCD Pin=P14-5
Added Pin To Net: NetName=D6_LCD Pin=P14-6
Added Pin To Net: NetName=D5_LCD Pin=P14-7
Added Pin To Net: NetName=D4_LCD Pin=P14-8
Added Pin To Net: NetName=EN_LCD Pin=P14-9
Added Pin To Net: NetName=RS_LCD Pin=P14-10
Added Pin To Net: NetName=SS_RFID Pin=P16-1
Added Pin To Net: NetName=SCK_RFID Pin=P16-2
Added Pin To Net: NetName=MOSI_RFID Pin=P16-3
Added Pin To Net: NetName=MISO_RFID Pin=P16-4
Added Pin To Net: NetName=3V3 Pin=P16-8
Added Pin To Net: NetName=GND Pin=Q42-1
Added Pin To Net: NetName=GND Pin=Q62-1
Added Pin To Net: NetName=5V Pin=RL62-5
Added Pin To Net: NetName=5V Pin=U42-4
Added Pin To Net: NetName=GND Pin=U62-2
Added Pin To Net: NetName=5V Pin=U62-4
Change Net Name : Old Net Name=RELAY New Net Name=RELAY_1
Added Pin To Net: NetName=BUZZER_1 Pin=IC?-23
Added Pin To Net: NetName=BUZZER_1 Pin=P15-8
Added Pin To Net: NetName=BUZZER_1 Pin=R42-2
Added Net: Name=BUZZER_1
Added Pin To Net: NetName=BUZZER_2 Pin=IC?-24
Added Pin To Net: NetName=BUZZER_2 Pin=P15-7
Added Pin To Net: NetName=BUZZER_2 Pin=R44-2
Added Net: Name=BUZZER_2
Added Pin To Net: NetName=INFRARED_RFID_1 Pin=IC?-19
Added Pin To Net: NetName=INFRARED_RFID_1 Pin=P13-2
Added Pin To Net: NetName=INFRARED_RFID_1 Pin=P15-12
Added Net: Name=INFRARED_RFID_1
Added Pin To Net: NetName=INFRARED_RFID_2 Pin=IC?-20
Added Pin To Net: NetName=INFRARED_RFID_2 Pin=P12-2
Added Pin To Net: NetName=INFRARED_RFID_2 Pin=P15-11
Added Net: Name=INFRARED_RFID_2
Added Pin To Net: NetName=NetD44_1 Pin=D44-1
Added Pin To Net: NetName=NetD44_1 Pin=U42-2
Added Net: Name=NetD44_1
Added Pin To Net: NetName=NetD63_2 Pin=D63-2
Added Pin To Net: NetName=NetD63_2 Pin=R66-1
Added Net: Name=NetD63_2
Added Pin To Net: NetName=NetD64_1 Pin=D64-1
Added Pin To Net: NetName=NetD64_1 Pin=Q62-2
Added Pin To Net: NetName=NetD64_1 Pin=R66-2
Added Pin To Net: NetName=NetD64_1 Pin=RL62-4
Added Net: Name=NetD64_1
Added Pin To Net: NetName=NetJ62_1 Pin=J62-1
Added Pin To Net: NetName=NetJ62_1 Pin=RL62-1
Added Net: Name=NetJ62_1
Added Pin To Net: NetName=NetJ62_2 Pin=J62-2
Added Pin To Net: NetName=NetJ62_2 Pin=RL62-3
Added Net: Name=NetJ62_2
Added Pin To Net: NetName=NetLS42_2 Pin=LS42-2
Added Pin To Net: NetName=NetLS42_2 Pin=Q42-2
Added Net: Name=NetLS42_2
Added Pin To Net: NetName=NetQ42_3 Pin=Q42-3
Added Pin To Net: NetName=NetQ42_3 Pin=R43-2
Added Net: Name=NetQ42_3
Added Pin To Net: NetName=NetQ62_3 Pin=Q62-3
Added Pin To Net: NetName=NetQ62_3 Pin=R65-1
Added Net: Name=NetQ62_3
Added Pin To Net: NetName=NetR43_1 Pin=R43-1
Added Pin To Net: NetName=NetR43_1 Pin=U42-3
Added Net: Name=NetR43_1
Added Pin To Net: NetName=NetR44_1 Pin=R44-1
Added Pin To Net: NetName=NetR44_1 Pin=U42-1
Added Net: Name=NetR44_1
Added Pin To Net: NetName=NetR64_1 Pin=R64-1
Added Pin To Net: NetName=NetR64_1 Pin=U62-1
Added Net: Name=NetR64_1
Added Pin To Net: NetName=NetR65_2 Pin=R65-2
Added Pin To Net: NetName=NetR65_2 Pin=U62-3
Added Net: Name=NetR65_2
Added Pin To Net: NetName=RELAY_2 Pin=IC?-22
Added Pin To Net: NetName=RELAY_2 Pin=P15-9
Added Pin To Net: NetName=RELAY_2 Pin=R64-2
Added Net: Name=RELAY_2
Added Pin To Net: NetName=SS_RFID_1 Pin=IC?-13
Added Pin To Net: NetName=SS_RFID_1 Pin=P11-7
Added Pin To Net: NetName=SS_RFID_1 Pin=P14-13
Added Net: Name=SS_RFID_1
Added Pin To Net: NetName=SS_RFID_2 Pin=IC?-11
Added Pin To Net: NetName=SS_RFID_2 Pin=P14-11
Added Pin To Net: NetName=SS_RFID_2 Pin=P16-7
Added Net: Name=SS_RFID_2
Added Member To Class: ClassName=TicketMonitorSystem Member=Component D44 LED
Added Member To Class: ClassName=TicketMonitorSystem Member=Component D63 LED
Added Member To Class: ClassName=TicketMonitorSystem Member=Component D64 1N4007
Added Member To Class: ClassName=TicketMonitorSystem Member=Component J62 CON.Domino2
Added Member To Class: ClassName=TicketMonitorSystem Member=Component LS42 Speaker_1
Added Member To Class: ClassName=TicketMonitorSystem Member=Component P16 Header 8
Added Member To Class: ClassName=TicketMonitorSystem Member=Component Q42 C1815
Added Member To Class: ClassName=TicketMonitorSystem Member=Component Q62 C1815
Added Member To Class: ClassName=TicketMonitorSystem Member=Component R43 RES_SMD_0805
Added Member To Class: ClassName=TicketMonitorSystem Member=Component R44 RES_SMD_0805
Added Member To Class: ClassName=TicketMonitorSystem Member=Component R64 RES_SMD_0805
Added Member To Class: ClassName=TicketMonitorSystem Member=Component R65 RES_SMD_0805
Added Member To Class: ClassName=TicketMonitorSystem Member=Component R66 RES_SMD_0805
Added Member To Class: ClassName=TicketMonitorSystem Member=Component RL62 Relay 10A/12V
Added Member To Class: ClassName=TicketMonitorSystem Member=Component U42 TLP521-1
Added Member To Class: ClassName=TicketMonitorSystem Member=Component U62 TLP521-1
