Added Component: Designator=C2(CP1.5/3.4)
Added Component: Designator=C31(C-NP-0805)
Added Component: Designator=C33(C-NP-0805)
Added Component: Designator=D31(LED-0805 RED)
Added Component: Designator=IC2(QTO-220)
Added Component: Designator=JDC(DC-IN)
Added Component: Designator=R31(DIEN TRO 0805)
Added Component: Designator=SW3(SW_Bapbenh)
Added Pin To Net: NetName=GND Pin=C2-2
Added Pin To Net: NetName=GND Pin=C31-1
Added Pin To Net: NetName=GND Pin=C33-1
Added Pin To Net: NetName=5V Pin=C33-2
Added Pin To Net: NetName=GND Pin=D31-2
Added Pin To Net: NetName=GND Pin=IC2-2
Added Pin To Net: NetName=5V Pin=IC2-3
Added Pin To Net: NetName=GND Pin=JDC-2
Added Pin To Net: NetName=5V Pin=R31-2
Added Pin To Net: NetName=9V Pin=JDC-1
Added Pin To Net: NetName=9V Pin=SW3-1
Added Net: Name=9V
Added Pin To Net: NetName=NetC2_1 Pin=C2-1
Added Pin To Net: NetName=NetC2_1 Pin=C31-2
Added Pin To Net: NetName=NetC2_1 Pin=IC2-1
Added Pin To Net: NetName=NetC2_1 Pin=SW3-2
Added Net: Name=NetC2_1
Added Pin To Net: NetName=NetD31_1 Pin=D31-1
Added Pin To Net: NetName=NetD31_1 Pin=R31-1
Added Net: Name=NetD31_1
Added Member To Class: ClassName=TicketMonitorSystem Member=Component C2 100uF/16V
Added Member To Class: ClassName=TicketMonitorSystem Member=Component C31 Cap Non-pol
Added Member To Class: ClassName=TicketMonitorSystem Member=Component C33 Cap Non-pol
Added Member To Class: ClassName=TicketMonitorSystem Member=Component D31 LED
Added Member To Class: ClassName=TicketMonitorSystem Member=Component IC2 LM7805
Added Member To Class: ClassName=TicketMonitorSystem Member=Component JDC Jac DC
Added Member To Class: ClassName=TicketMonitorSystem Member=Component R31 RES_SMD_0805
Added Member To Class: ClassName=TicketMonitorSystem Member=Component SW3 SW_BapBenh
